<?xml version="1.0" encoding="UTF-8"?>
<testng-results skipped="0" failed="0" ignored="0" total="1" passed="1">
  <reporter-output>
  </reporter-output>
  <suite name="Default suite" duration-ms="81207" started-at="2018-06-22T05:19:32Z" finished-at="2018-06-22T05:20:53Z">
    <groups>
    </groups>
    <test name="Default test" duration-ms="81207" started-at="2018-06-22T05:19:32Z" finished-at="2018-06-22T05:20:53Z">
      <class name="Scripts.Facebookapp">
        <test-method status="PASS" signature="openapp()[pri:0, instance:Scripts.Facebookapp@51efea79]" name="openapp" is-config="true" duration-ms="49810" started-at="2018-06-22T10:49:32Z" finished-at="2018-06-22T10:50:21Z">
          <reporter-output>
          </reporter-output>
        </test-method> <!-- openapp -->
        <test-method status="PASS" signature="Loginaction()[pri:0, instance:Scripts.Facebookapp@51efea79]" name="Loginaction" duration-ms="25194" started-at="2018-06-22T10:50:21Z" finished-at="2018-06-22T10:50:47Z">
          <reporter-output>
          </reporter-output>
        </test-method> <!-- Loginaction -->
        <test-method status="PASS" signature="closeapp()[pri:0, instance:Scripts.Facebookapp@51efea79]" name="closeapp" is-config="true" duration-ms="6156" started-at="2018-06-22T10:50:47Z" finished-at="2018-06-22T10:50:53Z">
          <reporter-output>
          </reporter-output>
        </test-method> <!-- closeapp -->
      </class> <!-- Scripts.Facebookapp -->
    </test> <!-- Default test -->
  </suite> <!-- Default suite -->
</testng-results>
